<?xml version="1.0" encoding="UTF-8"?>
<!-- Generated by org.testng.reporters.JUnitReportReporter -->
<testsuite skipped="0" hostname="W10ZDQA0001" name="com.zifautomation.TestCases.ZIFUI_Testcases102" tests="1" failures="0" timestamp="2020-09-10T19:07:01 IST" time="48.673" errors="0">
  <testcase name="ZIFUICase_Management_Suppression" time="48.673" classname="com.zifautomation.TestCases.ZIFUI_Testcases102"/>
</testsuite> <!-- com.zifautomation.TestCases.ZIFUI_Testcases102 -->
