<?xml version="1.0" encoding="UTF-8"?>
<!-- Generated by org.testng.reporters.JUnitReportReporter -->
<testsuite skipped="0" hostname="W10ZDQA0001" name="com.zifautomation.TestScripts.ZIFUI_Regression" tests="1" failures="0" timestamp="2020-09-04T16:35:37 IST" time="443.181" errors="0">
  <testcase name="ZIFUIRegressionTestcase" time="443.181" classname="com.zifautomation.TestScripts.ZIFUI_Regression"/>
</testsuite> <!-- com.zifautomation.TestScripts.ZIFUI_Regression -->
