<?xml version="1.0" encoding="UTF-8"?>
<!-- Generated by org.testng.reporters.JUnitReportReporter -->
<testsuite skipped="0" hostname="W10ZDQA0001" name="com.zifautomation.TestRunner.TestRunner" tests="3" failures="0" timestamp="2020-09-01T19:11:27 IST" time="90.857" errors="0">
  <testcase name="feature" time="29.658" classname="com.zifautomation.TestRunner.TestRunner"/>
  <testcase name="feature" time="33.933" classname="com.zifautomation.TestRunner.TestRunner"/>
  <testcase name="feature" time="27.266" classname="com.zifautomation.TestRunner.TestRunner"/>
</testsuite> <!-- com.zifautomation.TestRunner.TestRunner -->
