<?xml version="1.0" encoding="UTF-8"?>
<!-- Generated by org.testng.reporters.JUnitReportReporter -->
<testsuite hostname="W10ZDQA0003" failures="0" tests="1" name="com.zifautomation.TestCases.ZIFUI_Testcases100" time="245.494" errors="0" timestamp="2020-07-23T15:20:14 IST" skipped="0">
  <testcase classname="com.zifautomation.TestCases.ZIFUI_Testcases100" name="ZIFUIPredictions_VerifyOpportunityCardsfields" time="245.494"/>
</testsuite> <!-- com.zifautomation.TestCases.ZIFUI_Testcases100 -->
