<?xml version="1.0" encoding="UTF-8"?>
<!-- Generated by org.testng.reporters.JUnitReportReporter -->
<testsuite hostname="W10ZDQA0003" failures="0" tests="1" name="com.zifautomation.TestScripts.TestVPN" time="19.508" errors="0" timestamp="2020-07-28T14:51:04 IST" skipped="0">
  <testcase classname="com.zifautomation.TestScripts.TestVPN" name="run" time="19.508"/>
</testsuite> <!-- com.zifautomation.TestScripts.TestVPN -->
