<?xml version="1.0" encoding="UTF-8"?>
<!-- Generated by org.testng.reporters.JUnitReportReporter -->
<testsuite skipped="0" hostname="W10ZDQA0001" name="com.zifautomation.TestScripts.ZIFCatalogRegression" tests="1" failures="0" timestamp="2020-09-04T16:35:37 IST" time="83.484" errors="0">
  <testcase name="ZIFCatalogRegressionTestcase" time="83.484" classname="com.zifautomation.TestScripts.ZIFCatalogRegression"/>
</testsuite> <!-- com.zifautomation.TestScripts.ZIFCatalogRegression -->
