<?xml version="1.0" encoding="UTF-8"?>
<!-- Generated by org.testng.reporters.JUnitReportReporter -->
<testsuite skipped="0" hostname="W10ZDQA0001" name="com.zifautomation.TestCases.ZIFUI_Testcases007" tests="1" failures="0" timestamp="2020-08-26T16:27:10 IST" time="174.220" errors="0">
  <testcase name="ZIFUIPredictions_VerifyFilterOptions" time="174.220" classname="com.zifautomation.TestCases.ZIFUI_Testcases007"/>
</testsuite> <!-- com.zifautomation.TestCases.ZIFUI_Testcases007 -->
