<?xml version="1.0" encoding="UTF-8"?>
<!-- Generated by org.testng.reporters.JUnitReportReporter -->
<testsuite skipped="0" hostname="DESKTOP-KHRC35D" name="org.testleaf.leaftaps.testcases.TC001_LoginLogout" tests="2" failures="0" timestamp="08 Sep 2019 07:55:46 GMT" time="26.036" errors="0">
  <testcase name="runTC001" time="12.610" classname="org.testleaf.leaftaps.testcases.TC001_LoginLogout"/>
  <testcase name="runTC001" time="13.426" classname="org.testleaf.leaftaps.testcases.TC001_LoginLogout"/>
</testsuite> <!-- org.testleaf.leaftaps.testcases.TC001_LoginLogout -->
